<?xml version="1.0" encoding="UTF-8"?>
<testng-results skipped="0" failed="0" ignored="1" total="4" passed="3">
  <reporter-output>
  </reporter-output>
  <suite name="Default suite" duration-ms="27592" started-at="2021-10-02T00:24:33 ICT" finished-at="2021-10-02T00:25:01 ICT">
    <groups>
      <group name="basic">
        <method signature="FirstTestNG.testAdd()[pri:2, instance:math.FirstTestNG@2a556333]" name="testAdd" class="math.FirstTestNG"/>
      </group> <!-- basic -->
      <group name="advance">
        <method signature="FirstTestNG.testDevide()[pri:1, instance:math.FirstTestNG@2a556333]" name="testDevide" class="math.FirstTestNG"/>
      </group> <!-- advance -->
    </groups>
    <test name="Default test" duration-ms="27592" started-at="2021-10-02T00:24:33 ICT" finished-at="2021-10-02T00:25:01 ICT">
      <class name="math.FirstTestNG">
        <test-method status="PASS" signature="beforeClass()[pri:0, instance:math.FirstTestNG@2a556333]" name="beforeClass" is-config="true" duration-ms="14658" started-at="2021-10-02T00:24:33 ICT" finished-at="2021-10-02T00:24:48 ICT">
          <reporter-output>
          </reporter-output>
        </test-method> <!-- beforeClass -->
        <test-method status="PASS" signature="testText()[pri:0, instance:math.FirstTestNG@2a556333]" name="testText" duration-ms="12068" started-at="2021-10-02T00:24:48 ICT" finished-at="2021-10-02T00:25:00 ICT">
          <reporter-output>
          </reporter-output>
        </test-method> <!-- testText -->
        <test-method status="PASS" signature="testDevide()[pri:1, instance:math.FirstTestNG@2a556333]" name="testDevide" duration-ms="6" started-at="2021-10-02T00:25:00 ICT" finished-at="2021-10-02T00:25:00 ICT">
          <reporter-output>
          </reporter-output>
        </test-method> <!-- testDevide -->
        <test-method status="PASS" signature="testAdd()[pri:2, instance:math.FirstTestNG@2a556333]" name="testAdd" duration-ms="1" started-at="2021-10-02T00:25:00 ICT" finished-at="2021-10-02T00:25:00 ICT">
          <reporter-output>
          </reporter-output>
        </test-method> <!-- testAdd -->
        <test-method status="PASS" signature="afterClass()[pri:0, instance:math.FirstTestNG@2a556333]" name="afterClass" is-config="true" duration-ms="780" started-at="2021-10-02T00:25:00 ICT" finished-at="2021-10-02T00:25:01 ICT">
          <reporter-output>
          </reporter-output>
        </test-method> <!-- afterClass -->
      </class> <!-- math.FirstTestNG -->
    </test> <!-- Default test -->
  </suite> <!-- Default suite -->
</testng-results>
