<?xml version="1.0" encoding="UTF-8"?>
<!-- Generated by org.testng.reporters.JUnitXMLReporter -->
<testsuite hostname="DESKTOP-A3NO6EJ" ignored="1" name="TestW3School" tests="2" failures="0" timestamp="2021-10-05T11:12:33 ICT" time="11.773" errors="0">
  <testcase name="SingUp" time="5.533" classname="math.W3School"/>
  <testcase name="Login" time="3.366" classname="math.W3School"/>
  <testcase name="FotgotPass" time="0.0" classname="math.W3School">
    <ignored/>
  </testcase> <!-- FotgotPass -->
</testsuite> <!-- TestW3School -->
