<?xml version="1.0" encoding="UTF-8"?>
<!-- Generated by org.testng.reporters.JUnitXMLReporter -->
<testsuite hostname="DESKTOP-A3NO6EJ" ignored="1" name="Default test" tests="3" failures="0" timestamp="2021-10-02T00:25:01 ICT" time="27.592" errors="0">
  <testcase name="testText" time="12.068" classname="math.FirstTestNG"/>
  <testcase name="testDevide" time="0.006" classname="math.FirstTestNG"/>
  <testcase name="testAdd" time="0.001" classname="math.FirstTestNG"/>
  <testcase name="testSub" time="0.0" classname="math.FirstTestNG">
    <ignored/>
  </testcase> <!-- testSub -->
</testsuite> <!-- Default test -->
