<?xml version="1.0" encoding="UTF-8"?>
<!-- Generated by org.testng.reporters.JUnitXMLReporter -->
<testsuite hostname="DESKTOP-A3NO6EJ" ignored="0" name="Default test" tests="4" failures="0" timestamp="2021-10-12T12:11:47 ICT" time="74.985" errors="0">
  <testcase name="TestLogin" time="11.797" classname="EX4.Demo"/>
  <testcase name="TestLogin" time="12.84" classname="EX4.Demo"/>
  <testcase name="TestLogin" time="10.42" classname="EX4.Demo"/>
  <testcase name="TestLogin" time="6.074" classname="EX4.Demo"/>
</testsuite> <!-- Default test -->
