<?xml version="1.0" encoding="UTF-8"?>
<!-- Generated by org.testng.reporters.JUnitXMLReporter -->
<testsuite hostname="DESKTOP-A3NO6EJ" ignored="2" name="TestMatch" tests="2" failures="0" timestamp="2021-10-05T10:20:56 ICT" time="0.116" errors="0">
  <testcase name="testAdd" time="0.03" classname="math.NewTestNG1"/>
  <testcase name="testSub" time="0.002" classname="math.NewTestNG1"/>
  <testcase name="testDiv" time="0.0" classname="math.NewTestNG1">
    <ignored/>
  </testcase> <!-- testDiv -->
  <testcase name="testMul" time="0.0" classname="math.NewTestNG1">
    <ignored/>
  </testcase> <!-- testMul -->
</testsuite> <!-- TestMatch -->
