<?xml version="1.0" encoding="UTF-8"?>
<!-- Generated by org.testng.reporters.JUnitXMLReporter -->
<testsuite hostname="DESKTOP-A3NO6EJ" ignored="0" name="TestMatch1" tests="4" failures="0" timestamp="2021-10-05T10:20:57 ICT" time="0.026" errors="0">
  <testcase name="testSub" time="0.002" classname="math.NewTestNG"/>
  <testcase name="testDiv" time="0.004" classname="math.NewTestNG"/>
  <testcase name="testMul" time="0.002" classname="math.NewTestNG"/>
  <testcase name="testAdd" time="0.001" classname="math.NewTestNG"/>
</testsuite> <!-- TestMatch1 -->
